<?xml version="1.0" encoding="UTF-8"?>
<testsuite xmlns:xsi="http://www.w3.org/2001/XMLSchema-instance" xsi:noNamespaceSchemaLocation="https://maven.apache.org/surefire/maven-surefire-plugin/xsd/surefire-test-report-3.0.xsd" version="3.0" name="tek.capstone.framework.runner.TestRunner" time="115.43" tests="21" errors="1" skipped="0" failures="6">
  <properties>
[...]
</properties>
  <testcase name="Verify User can add an Address" classname="Retail Account Page #1" time="5.215">
    <system-out><![CDATA[
@addAddress @smoke
Scenario: Verify User can add an Address                           # features/AddAddress.feature:11
 INFO [main] (SignInSteps.java:23)- user is on retail website
  Given User is on retail website                                  # tek.capstone.framework.steps.SignInSteps.userIsOnRetailWebsite()
 INFO [main] (SignInSteps.java:30)- User clicked on the sign in option
  When User click on Sign in option                                # tek.capstone.framework.steps.SignInSteps.userClickOnSignInOption()
 INFO [main] (SignInSteps.java:39)- user entered sign in values
  And User enter email 'tate@tekschool.us' and password 'Tek@8888' # tek.capstone.framework.steps.SignInSteps.userEnterEmailAndPassword(java.lang.String,java.lang.String)
 INFO [main] (SignInSteps.java:44)- user clicke don the log in button
  And User click on login button                                   # tek.capstone.framework.steps.SignInSteps.userClickOnLoginButton()
 INFO [main] (SignInSteps.java:50)- user on account page
  And User should be logged in into Account                        # tek.capstone.framework.steps.SignInSteps.userShouldBeLoggedInIntoAccount()
  When User click on Account option                                # tek.capstone.framework.steps.RetailAccountSteps.userClickOnAccountOption()
 INFO [main] (RetailAccountSteps.java:170)- user clicked on the add address option
  And User click on Add address option                             # tek.capstone.framework.steps.RetailAccountSteps.userClickOnAddAddressOption()
 INFO [main] (RetailAccountSteps.java:185)- user entered address info
  And user fill address form with below information                # tek.capstone.framework.steps.RetailAccountSteps.userFillAddressFormWithBelowInformation(io.cucumber.datatable.DataTable)
    | fullName    | phoneNumber | streetAddress | apt | city      | state    | zipCode |
    | Andy Galpin | 2021112233  | 101 This St   | 111 | Arlington | Virginia | 22202   |
 INFO [main] (RetailAccountSteps.java:190)- user clicked on the submit address button
  And User click Add Your Address button                           # tek.capstone.framework.steps.RetailAccountSteps.userClickAddYourAddressButton()
 INFO [main] (RetailAccountSteps.java:197)- address added successfully
  Then a message should be displayed â€˜Address Added Successfullyâ€™  # tek.capstone.framework.steps.RetailAccountSteps.aMessageShouldBeDisplayedAddressAddedSuccessfully()
]]></system-out>
    <system-err><![CDATA[SLF4J: Failed to load class "org.slf4j.impl.StaticLoggerBinder".
SLF4J: Defaulting to no-operation (NOP) logger implementation
SLF4J: See http://www.slf4j.org/codes.html#StaticLoggerBinder for further details.
ERROR StatusLogger Log4j2 could not find a logging implementation. Please add log4j-core to the classpath. Using SimpleLogger to log to the console...
Starting ChromeDriver 111.0.5563.64 (c710e93d5b63b7095afe8c2c17df34408078439d-refs/branch-heads/5563@{#995}) on port 53556
Only local connections are allowed.
Please see https://chromedriver.chromium.org/security-considerations for suggestions on keeping ChromeDriver safe.
ChromeDriver was started successfully.
Apr 17, 2023 10:18:51 PM org.openqa.selenium.remote.ProtocolHandshake createSession
INFO: Detected upstream dialect: W3C
Apr 17, 2023 10:18:51 PM org.openqa.selenium.devtools.CdpVersionFinder findNearestMatch
WARNING: Unable to find an exact match for CDP version 111, so returning the closest version found: a no-op implementation
Apr 17, 2023 10:18:51 PM org.openqa.selenium.devtools.CdpVersionFinder findNearestMatch
INFO: Unable to find CDP implementation matching 111.
Apr 17, 2023 10:18:51 PM org.openqa.selenium.chromium.ChromiumDriver lambda$new$3
WARNING: Unable to find version of CDP to use for . You may need to include a dependency on a specific version of the CDP using something similar to `org.seleniumhq.selenium:selenium-devtools-v86:4.4.0` where the version ("v86") matches the version of the chromium-based browser you're using and the version number of the artifact is the same as Selenium's.
]]></system-err>
  </testcase>
  <testcase name="Verify User can edit an Address added on account" classname="Retail Account Page #1" time="3.462">
    <failure type="java.lang.AssertionError"><![CDATA[java.lang.AssertionError
	at org.junit.Assert.fail(Assert.java:87)
	at org.junit.Assert.assertTrue(Assert.java:42)
	at org.junit.Assert.assertTrue(Assert.java:53)
	at tek.capstone.framework.steps.SignInSteps.userShouldBeLoggedInIntoAccount(SignInSteps.java:49)
	at ✽.User should be logged in into Account(classpath:features/AddAddress.feature:9)
]]></failure>
    <system-out><![CDATA[
@addAddress @smoke
Scenario: Verify User can edit an Address added on account          # features/AddAddress.feature:20
 INFO [main] (SignInSteps.java:23)- user is on retail website
  Given User is on retail website                                   # tek.capstone.framework.steps.SignInSteps.userIsOnRetailWebsite()
 INFO [main] (SignInSteps.java:30)- User clicked on the sign in option
  When User click on Sign in option                                 # tek.capstone.framework.steps.SignInSteps.userClickOnSignInOption()
 INFO [main] (SignInSteps.java:39)- user entered sign in values
  And User enter email 'tate@tekschool.us' and password 'Tek@8888'  # tek.capstone.framework.steps.SignInSteps.userEnterEmailAndPassword(java.lang.String,java.lang.String)
 INFO [main] (SignInSteps.java:44)- user clicke don the log in button
  And User click on login button                                    # tek.capstone.framework.steps.SignInSteps.userClickOnLoginButton()
  And User should be logged in into Account                         # tek.capstone.framework.steps.SignInSteps.userShouldBeLoggedInIntoAccount()
      java.lang.AssertionError
	at org.junit.Assert.fail(Assert.java:87)
	at org.junit.Assert.assertTrue(Assert.java:42)
	at org.junit.Assert.assertTrue(Assert.java:53)
	at tek.capstone.framework.steps.SignInSteps.userShouldBeLoggedInIntoAccount(SignInSteps.java:49)
	at âœ½.User should be logged in into Account(classpath:features/AddAddress.feature:9)

  When User click on Account option                                 # tek.capstone.framework.steps.RetailAccountSteps.userClickOnAccountOption()
  And User click on edit address option                             # tek.capstone.framework.steps.RetailAccountSteps.userClickOnEditAddressOption()
  And user fill new address form with below information             # tek.capstone.framework.steps.RetailAccountSteps.userFillNewAddressFormWithBelowInformation(io.cucumber.datatable.DataTable)
    | fullName | phoneNumber | streetAddress | apt | city      | state    | zipCode |
    | Huberman | 2023036969  | Galpin St NW  | 22  | This City | Maryland | 20902   |
  And User click update Your Address button                         # tek.capstone.framework.steps.RetailAccountSteps.userClickUpdateYourAddressButton()
  Then a message should be displayed â€˜Address Updated Successfullyâ€™ # tek.capstone.framework.steps.RetailAccountSteps.aMessageShouldBeDisplayedAddressUpdatedSuccessfully()

    Embedding Verify User can edit an Address added on account scenario Failed [image/png 263751 bytes]

]]></system-out>
    <system-err><![CDATA[Starting ChromeDriver 111.0.5563.64 (c710e93d5b63b7095afe8c2c17df34408078439d-refs/branch-heads/5563@{#995}) on port 58843
Only local connections are allowed.
Please see https://chromedriver.chromium.org/security-considerations for suggestions on keeping ChromeDriver safe.
ChromeDriver was started successfully.
Apr 17, 2023 10:18:55 PM org.openqa.selenium.remote.ProtocolHandshake createSession
INFO: Detected upstream dialect: W3C
Apr 17, 2023 10:18:55 PM org.openqa.selenium.devtools.CdpVersionFinder findNearestMatch
WARNING: Unable to find an exact match for CDP version 111, so returning the closest version found: a no-op implementation
Apr 17, 2023 10:18:55 PM org.openqa.selenium.devtools.CdpVersionFinder findNearestMatch
INFO: Unable to find CDP implementation matching 111.
Apr 17, 2023 10:18:55 PM org.openqa.selenium.chromium.ChromiumDriver lambda$new$3
WARNING: Unable to find version of CDP to use for . You may need to include a dependency on a specific version of the CDP using something similar to `org.seleniumhq.selenium:selenium-devtools-v86:4.4.0` where the version ("v86") matches the version of the chromium-based browser you're using and the version number of the artifact is the same as Selenium's.
]]></system-err>
  </testcase>
  <testcase name="Verify User can remove Address from Account" classname="Retail Account Page #1" time="3.495">
    <failure type="java.lang.AssertionError"><![CDATA[java.lang.AssertionError
	at org.junit.Assert.fail(Assert.java:87)
	at org.junit.Assert.assertTrue(Assert.java:42)
	at org.junit.Assert.assertTrue(Assert.java:53)
	at tek.capstone.framework.steps.SignInSteps.userShouldBeLoggedInIntoAccount(SignInSteps.java:49)
	at ✽.User should be logged in into Account(classpath:features/AddAddress.feature:9)
]]></failure>
    <system-out><![CDATA[
@addAddress @smoke
Scenario: Verify User can remove Address from Account              # features/AddAddress.feature:29
 INFO [main] (SignInSteps.java:23)- user is on retail website
  Given User is on retail website                                  # tek.capstone.framework.steps.SignInSteps.userIsOnRetailWebsite()
 INFO [main] (SignInSteps.java:30)- User clicked on the sign in option
  When User click on Sign in option                                # tek.capstone.framework.steps.SignInSteps.userClickOnSignInOption()
 INFO [main] (SignInSteps.java:39)- user entered sign in values
  And User enter email 'tate@tekschool.us' and password 'Tek@8888' # tek.capstone.framework.steps.SignInSteps.userEnterEmailAndPassword(java.lang.String,java.lang.String)
 INFO [main] (SignInSteps.java:44)- user clicke don the log in button
  And User click on login button                                   # tek.capstone.framework.steps.SignInSteps.userClickOnLoginButton()
  And User should be logged in into Account                        # tek.capstone.framework.steps.SignInSteps.userShouldBeLoggedInIntoAccount()
      java.lang.AssertionError
	at org.junit.Assert.fail(Assert.java:87)
	at org.junit.Assert.assertTrue(Assert.java:42)
	at org.junit.Assert.assertTrue(Assert.java:53)
	at tek.capstone.framework.steps.SignInSteps.userShouldBeLoggedInIntoAccount(SignInSteps.java:49)
	at âœ½.User should be logged in into Account(classpath:features/AddAddress.feature:9)

  When User click on Account option                                # tek.capstone.framework.steps.RetailAccountSteps.userClickOnAccountOption()
  And User click on remove option of Address section               # tek.capstone.framework.steps.RetailAccountSteps.userClickOnRemoveOptionOfAddressSection()
  Then Address details should be removed                           # tek.capstone.framework.steps.RetailAccountSteps.addressDetailsShouldBeRemoved()

    Embedding Verify User can remove Address from Account scenario Failed [image/png 263751 bytes]

]]></system-out>
    <system-err><![CDATA[Starting ChromeDriver 111.0.5563.64 (c710e93d5b63b7095afe8c2c17df34408078439d-refs/branch-heads/5563@{#995}) on port 50594
Only local connections are allowed.
Please see https://chromedriver.chromium.org/security-considerations for suggestions on keeping ChromeDriver safe.
ChromeDriver was started successfully.
Apr 17, 2023 10:18:58 PM org.openqa.selenium.remote.ProtocolHandshake createSession
INFO: Detected upstream dialect: W3C
Apr 17, 2023 10:18:59 PM org.openqa.selenium.devtools.CdpVersionFinder findNearestMatch
WARNING: Unable to find an exact match for CDP version 111, so returning the closest version found: a no-op implementation
Apr 17, 2023 10:18:59 PM org.openqa.selenium.devtools.CdpVersionFinder findNearestMatch
INFO: Unable to find CDP implementation matching 111.
Apr 17, 2023 10:18:59 PM org.openqa.selenium.chromium.ChromiumDriver lambda$new$3
WARNING: Unable to find version of CDP to use for . You may need to include a dependency on a specific version of the CDP using something similar to `org.seleniumhq.selenium:selenium-devtools-v86:4.4.0` where the version ("v86") matches the version of the chromium-based browser you're using and the version number of the artifact is the same as Selenium's.
]]></system-err>
  </testcase>
  <testcase name="Verify User can add a payment method" classname="Retail Account Page #2" time="3.669">
    <system-out><![CDATA[
@paymentMethod @smoke
Scenario: Verify User can add a payment method                           # features/AddPaymentMethod.feature:11
 INFO [main] (SignInSteps.java:23)- user is on retail website
  Given User is on retail website                                        # tek.capstone.framework.steps.SignInSteps.userIsOnRetailWebsite()
 INFO [main] (SignInSteps.java:30)- User clicked on the sign in option
  When User click on Sign in option                                      # tek.capstone.framework.steps.SignInSteps.userClickOnSignInOption()
 INFO [main] (SignInSteps.java:39)- user entered sign in values
  And User enter email 'tate@tekschool.us' and password 'Tek@8888'       # tek.capstone.framework.steps.SignInSteps.userEnterEmailAndPassword(java.lang.String,java.lang.String)
 INFO [main] (SignInSteps.java:44)- user clicke don the log in button
  And User click on login button                                         # tek.capstone.framework.steps.SignInSteps.userClickOnLoginButton()
 INFO [main] (SignInSteps.java:50)- user on account page
  And User should be logged in into Account                              # tek.capstone.framework.steps.SignInSteps.userShouldBeLoggedInIntoAccount()
  When User click on Account option                                      # tek.capstone.framework.steps.RetailAccountSteps.userClickOnAccountOption()
 INFO [main] (RetailAccountSteps.java:79)- user clicked on the add payment method link
  And User click on Add a payment method link                            # tek.capstone.framework.steps.RetailAccountSteps.userClickOnAddAPaymentMethodLink()
 INFO [main] (RetailAccountSteps.java:91)- user added new card info
  And User fill Debit or credit card information                         # tek.capstone.framework.steps.RetailAccountSteps.userFillDebitOrCreditCardInformation(io.cucumber.datatable.DataTable)
    | cardNumber       | nameOnCard | expirationMonth | expirationYear | securityCode |
    | 1122334455668888 | Ponzi      | 01              | 2025           | 999          |
 INFO [main] (RetailAccountSteps.java:98)- user clicked on the add your card button
  And User click on Add your card button                                 # tek.capstone.framework.steps.RetailAccountSteps.userClickOnAddYourCardButton()
 INFO [main] (RetailAccountSteps.java:106)- user addedd payment method successfully
  Then a message should be displayed â€˜Payment Method added successfullyâ€™ # tek.capstone.framework.steps.RetailAccountSteps.aMessageShouldBeDisplayedPaymentMethodAddedSuccessfully()
]]></system-out>
    <system-err><![CDATA[Starting ChromeDriver 111.0.5563.64 (c710e93d5b63b7095afe8c2c17df34408078439d-refs/branch-heads/5563@{#995}) on port 58753
Only local connections are allowed.
Please see https://chromedriver.chromium.org/security-considerations for suggestions on keeping ChromeDriver safe.
ChromeDriver was started successfully.
Apr 17, 2023 10:19:02 PM org.openqa.selenium.remote.ProtocolHandshake createSession
INFO: Detected upstream dialect: W3C
Apr 17, 2023 10:19:02 PM org.openqa.selenium.devtools.CdpVersionFinder findNearestMatch
WARNING: Unable to find an exact match for CDP version 111, so returning the closest version found: a no-op implementation
Apr 17, 2023 10:19:02 PM org.openqa.selenium.devtools.CdpVersionFinder findNearestMatch
INFO: Unable to find CDP implementation matching 111.
Apr 17, 2023 10:19:02 PM org.openqa.selenium.chromium.ChromiumDriver lambda$new$3
WARNING: Unable to find version of CDP to use for . You may need to include a dependency on a specific version of the CDP using something similar to `org.seleniumhq.selenium:selenium-devtools-v86:4.4.0` where the version ("v86") matches the version of the chromium-based browser you're using and the version number of the artifact is the same as Selenium's.
]]></system-err>
  </testcase>
  <testcase name="Verify User can edit Debit or Credit card" classname="Retail Account Page #2" time="3.536">
    <failure type="java.lang.AssertionError"><![CDATA[java.lang.AssertionError
	at org.junit.Assert.fail(Assert.java:87)
	at org.junit.Assert.assertTrue(Assert.java:42)
	at org.junit.Assert.assertTrue(Assert.java:53)
	at tek.capstone.framework.steps.SignInSteps.userShouldBeLoggedInIntoAccount(SignInSteps.java:49)
	at ✽.User should be logged in into Account(classpath:features/AddPaymentMethod.feature:9)
]]></failure>
    <system-out><![CDATA[
@paymentMethod @smoke
Scenario: Verify User can edit Debit or Credit card                        # features/AddPaymentMethod.feature:20
 INFO [main] (SignInSteps.java:23)- user is on retail website
  Given User is on retail website                                          # tek.capstone.framework.steps.SignInSteps.userIsOnRetailWebsite()
 INFO [main] (SignInSteps.java:30)- User clicked on the sign in option
  When User click on Sign in option                                        # tek.capstone.framework.steps.SignInSteps.userClickOnSignInOption()
 INFO [main] (SignInSteps.java:39)- user entered sign in values
  And User enter email 'tate@tekschool.us' and password 'Tek@8888'         # tek.capstone.framework.steps.SignInSteps.userEnterEmailAndPassword(java.lang.String,java.lang.String)
 INFO [main] (SignInSteps.java:44)- user clicke don the log in button
  And User click on login button                                           # tek.capstone.framework.steps.SignInSteps.userClickOnLoginButton()
  And User should be logged in into Account                                # tek.capstone.framework.steps.SignInSteps.userShouldBeLoggedInIntoAccount()
      java.lang.AssertionError
	at org.junit.Assert.fail(Assert.java:87)
	at org.junit.Assert.assertTrue(Assert.java:42)
	at org.junit.Assert.assertTrue(Assert.java:53)
	at tek.capstone.framework.steps.SignInSteps.userShouldBeLoggedInIntoAccount(SignInSteps.java:49)
	at âœ½.User should be logged in into Account(classpath:features/AddPaymentMethod.feature:9)

  When User click on Account option                                        # tek.capstone.framework.steps.RetailAccountSteps.userClickOnAccountOption()
  And User click on card                                                   # tek.capstone.framework.steps.RetailAccountSteps.userClickOnCard()
  And User click on Edit option of card section                            # tek.capstone.framework.steps.RetailAccountSteps.userClickOnEditOptionOfCardSection()
  And user edit information with below data                                # tek.capstone.framework.steps.RetailAccountSteps.userEditInformationWithBelowData(io.cucumber.datatable.DataTable)
    | cardNumber       | nameOnCard | expirationMonth | expirationYear | securityCode |
    | 1111222233339999 | Sarasafari | 10              | 2026           | 777          |
  And user click on Update Your Card button                                # tek.capstone.framework.steps.RetailAccountSteps.userClickOnUpdateYourCardButton()
  Then a message should be displayed â€˜Payment Method updated Successfullyâ€™ # tek.capstone.framework.steps.RetailAccountSteps.aMessageShouldBeDisplayedPaymentMethodUpdatedSuccessfully()

    Embedding Verify User can edit Debit or Credit card scenario Failed [image/png 284636 bytes]

]]></system-out>
    <system-err><![CDATA[Starting ChromeDriver 111.0.5563.64 (c710e93d5b63b7095afe8c2c17df34408078439d-refs/branch-heads/5563@{#995}) on port 61552
Only local connections are allowed.
Please see https://chromedriver.chromium.org/security-considerations for suggestions on keeping ChromeDriver safe.
ChromeDriver was started successfully.
Apr 17, 2023 10:19:06 PM org.openqa.selenium.remote.ProtocolHandshake createSession
INFO: Detected upstream dialect: W3C
Apr 17, 2023 10:19:06 PM org.openqa.selenium.devtools.CdpVersionFinder findNearestMatch
WARNING: Unable to find an exact match for CDP version 111, so returning the closest version found: a no-op implementation
Apr 17, 2023 10:19:06 PM org.openqa.selenium.devtools.CdpVersionFinder findNearestMatch
INFO: Unable to find CDP implementation matching 111.
Apr 17, 2023 10:19:06 PM org.openqa.selenium.chromium.ChromiumDriver lambda$new$3
WARNING: Unable to find version of CDP to use for . You may need to include a dependency on a specific version of the CDP using something similar to `org.seleniumhq.selenium:selenium-devtools-v86:4.4.0` where the version ("v86") matches the version of the chromium-based browser you're using and the version number of the artifact is the same as Selenium's.
]]></system-err>
  </testcase>
  <testcase name="Verify User can remove Debit or Credit card" classname="Retail Account Page #2" time="3.458">
    <failure type="java.lang.AssertionError"><![CDATA[java.lang.AssertionError
	at org.junit.Assert.fail(Assert.java:87)
	at org.junit.Assert.assertTrue(Assert.java:42)
	at org.junit.Assert.assertTrue(Assert.java:53)
	at tek.capstone.framework.steps.SignInSteps.userShouldBeLoggedInIntoAccount(SignInSteps.java:49)
	at ✽.User should be logged in into Account(classpath:features/AddPaymentMethod.feature:9)
]]></failure>
    <system-out><![CDATA[
@paymentMethod @smoke
Scenario: Verify User can remove Debit or Credit card              # features/AddPaymentMethod.feature:30
 INFO [main] (SignInSteps.java:23)- user is on retail website
  Given User is on retail website                                  # tek.capstone.framework.steps.SignInSteps.userIsOnRetailWebsite()
 INFO [main] (SignInSteps.java:30)- User clicked on the sign in option
  When User click on Sign in option                                # tek.capstone.framework.steps.SignInSteps.userClickOnSignInOption()
 INFO [main] (SignInSteps.java:39)- user entered sign in values
  And User enter email 'tate@tekschool.us' and password 'Tek@8888' # tek.capstone.framework.steps.SignInSteps.userEnterEmailAndPassword(java.lang.String,java.lang.String)
 INFO [main] (SignInSteps.java:44)- user clicke don the log in button
  And User click on login button                                   # tek.capstone.framework.steps.SignInSteps.userClickOnLoginButton()
  And User should be logged in into Account                        # tek.capstone.framework.steps.SignInSteps.userShouldBeLoggedInIntoAccount()
      java.lang.AssertionError
	at org.junit.Assert.fail(Assert.java:87)
	at org.junit.Assert.assertTrue(Assert.java:42)
	at org.junit.Assert.assertTrue(Assert.java:53)
	at tek.capstone.framework.steps.SignInSteps.userShouldBeLoggedInIntoAccount(SignInSteps.java:49)
	at âœ½.User should be logged in into Account(classpath:features/AddPaymentMethod.feature:9)

  When User click on Account option                                # tek.capstone.framework.steps.RetailAccountSteps.userClickOnAccountOption()
  And User click on card                                           # tek.capstone.framework.steps.RetailAccountSteps.userClickOnCard()
  And User click on remove option of card section                  # tek.capstone.framework.steps.RetailAccountSteps.userClickOnRemoveOptionOfCardSection()
  Then payment details should be removed                           # tek.capstone.framework.steps.RetailAccountSteps.paymentDetailsShouldBeRemoved()

    Embedding Verify User can remove Debit or Credit card scenario Failed [image/png 284636 bytes]

]]></system-out>
    <system-err><![CDATA[Starting ChromeDriver 111.0.5563.64 (c710e93d5b63b7095afe8c2c17df34408078439d-refs/branch-heads/5563@{#995}) on port 58939
Only local connections are allowed.
Please see https://chromedriver.chromium.org/security-considerations for suggestions on keeping ChromeDriver safe.
ChromeDriver was started successfully.
Apr 17, 2023 10:19:09 PM org.openqa.selenium.remote.ProtocolHandshake createSession
INFO: Detected upstream dialect: W3C
Apr 17, 2023 10:19:09 PM org.openqa.selenium.devtools.CdpVersionFinder findNearestMatch
WARNING: Unable to find an exact match for CDP version 111, so returning the closest version found: a no-op implementation
Apr 17, 2023 10:19:09 PM org.openqa.selenium.devtools.CdpVersionFinder findNearestMatch
INFO: Unable to find CDP implementation matching 111.
Apr 17, 2023 10:19:09 PM org.openqa.selenium.chromium.ChromiumDriver lambda$new$3
WARNING: Unable to find version of CDP to use for . You may need to include a dependency on a specific version of the CDP using something similar to `org.seleniumhq.selenium:selenium-devtools-v86:4.4.0` where the version ("v86") matches the version of the chromium-based browser you're using and the version number of the artifact is the same as Selenium's.
]]></system-err>
  </testcase>
  <testcase name="Verify User can update Profile Information" classname="Retail Account Page #3" time="3.77">
    <system-out><![CDATA[
@updateUserProfile @smoke
Scenario: Verify User can update Profile Information               # features/RetailAccount.feature:11
 INFO [main] (SignInSteps.java:23)- user is on retail website
  Given User is on retail website                                  # tek.capstone.framework.steps.SignInSteps.userIsOnRetailWebsite()
 INFO [main] (SignInSteps.java:30)- User clicked on the sign in option
  When User click on Sign in option                                # tek.capstone.framework.steps.SignInSteps.userClickOnSignInOption()
 INFO [main] (SignInSteps.java:39)- user entered sign in values
  And User enter email 'ukas15@gmail.com' and password 'Tek@50005' # tek.capstone.framework.steps.SignInSteps.userEnterEmailAndPassword(java.lang.String,java.lang.String)
 INFO [main] (SignInSteps.java:44)- user clicke don the log in button
  And User click on login button                                   # tek.capstone.framework.steps.SignInSteps.userClickOnLoginButton()
 INFO [main] (SignInSteps.java:50)- user on account page
  And User should be logged in into Account                        # tek.capstone.framework.steps.SignInSteps.userShouldBeLoggedInIntoAccount()
  When User click on Account option                                # tek.capstone.framework.steps.RetailAccountSteps.userClickOnAccountOption()
 INFO [main] (RetailAccountSteps.java:32)- user entered new name and phone value
  And User update Name 'Urumqu' and Phone '2023337700'             # tek.capstone.framework.steps.RetailAccountSteps.userUpdateNameAndPhone(java.lang.String,java.lang.String)
 INFO [main] (RetailAccountSteps.java:39)- user clicked on the update button
  And User click on Update button                                  # tek.capstone.framework.steps.RetailAccountSteps.userClickOnUpdateButton()
 INFO [main] (RetailAccountSteps.java:47)- user profile info updtaed
  Then user profile information should be updated                  # tek.capstone.framework.steps.RetailAccountSteps.userProfileInformationShouldBeUpdated()
]]></system-out>
    <system-err><![CDATA[Starting ChromeDriver 111.0.5563.64 (c710e93d5b63b7095afe8c2c17df34408078439d-refs/branch-heads/5563@{#995}) on port 54297
Only local connections are allowed.
Please see https://chromedriver.chromium.org/security-considerations for suggestions on keeping ChromeDriver safe.
ChromeDriver was started successfully.
Apr 17, 2023 10:19:13 PM org.openqa.selenium.remote.ProtocolHandshake createSession
INFO: Detected upstream dialect: W3C
Apr 17, 2023 10:19:13 PM org.openqa.selenium.devtools.CdpVersionFinder findNearestMatch
WARNING: Unable to find an exact match for CDP version 111, so returning the closest version found: a no-op implementation
Apr 17, 2023 10:19:13 PM org.openqa.selenium.devtools.CdpVersionFinder findNearestMatch
INFO: Unable to find CDP implementation matching 111.
Apr 17, 2023 10:19:13 PM org.openqa.selenium.chromium.ChromiumDriver lambda$new$3
WARNING: Unable to find version of CDP to use for . You may need to include a dependency on a specific version of the CDP using something similar to `org.seleniumhq.selenium:selenium-devtools-v86:4.4.0` where the version ("v86") matches the version of the chromium-based browser you're using and the version number of the artifact is the same as Selenium's.
]]></system-err>
  </testcase>
  <testcase name="Verify User can Update password" classname="Retail Account Page #3" time="3.949">
    <system-out><![CDATA[
@updateUserProfile @smoke
Scenario: Verify User can Update password                            # features/RetailAccount.feature:17
 INFO [main] (SignInSteps.java:23)- user is on retail website
  Given User is on retail website                                    # tek.capstone.framework.steps.SignInSteps.userIsOnRetailWebsite()
 INFO [main] (SignInSteps.java:30)- User clicked on the sign in option
  When User click on Sign in option                                  # tek.capstone.framework.steps.SignInSteps.userClickOnSignInOption()
 INFO [main] (SignInSteps.java:39)- user entered sign in values
  And User enter email 'ukas15@gmail.com' and password 'Tek@50005'   # tek.capstone.framework.steps.SignInSteps.userEnterEmailAndPassword(java.lang.String,java.lang.String)
 INFO [main] (SignInSteps.java:44)- user clicke don the log in button
  And User click on login button                                     # tek.capstone.framework.steps.SignInSteps.userClickOnLoginButton()
 INFO [main] (SignInSteps.java:50)- user on account page
  And User should be logged in into Account                          # tek.capstone.framework.steps.SignInSteps.userShouldBeLoggedInIntoAccount()
  When User click on Account option                                  # tek.capstone.framework.steps.RetailAccountSteps.userClickOnAccountOption()
 INFO [main] (RetailAccountSteps.java:58)- user entered new password information
  And User enter below information                                   # tek.capstone.framework.steps.RetailAccountSteps.userEnterBelowInformation(io.cucumber.datatable.DataTable)
    | previousPassword | newPassword | confirmPassword |
    | Tek@50005        | Tek@505050  | Tek@505050      |
 INFO [main] (RetailAccountSteps.java:65)- user clicked on the change password button
  And User click on Change Password button                           # tek.capstone.framework.steps.RetailAccountSteps.userClickOnChangePasswordButton()
 INFO [main] (RetailAccountSteps.java:72)- password updated successfully
  Then a message should be displayed â€˜Password Updated Successfullyâ€™ # tek.capstone.framework.steps.RetailAccountSteps.aMessageShouldBeDisplayedPasswordUpdatedSuccessfully()
]]></system-out>
    <system-err><![CDATA[Starting ChromeDriver 111.0.5563.64 (c710e93d5b63b7095afe8c2c17df34408078439d-refs/branch-heads/5563@{#995}) on port 49995
Only local connections are allowed.
Please see https://chromedriver.chromium.org/security-considerations for suggestions on keeping ChromeDriver safe.
ChromeDriver was started successfully.
Apr 17, 2023 10:19:17 PM org.openqa.selenium.remote.ProtocolHandshake createSession
INFO: Detected upstream dialect: W3C
Apr 17, 2023 10:19:17 PM org.openqa.selenium.devtools.CdpVersionFinder findNearestMatch
WARNING: Unable to find an exact match for CDP version 111, so returning the closest version found: a no-op implementation
Apr 17, 2023 10:19:17 PM org.openqa.selenium.devtools.CdpVersionFinder findNearestMatch
INFO: Unable to find CDP implementation matching 111.
Apr 17, 2023 10:19:17 PM org.openqa.selenium.chromium.ChromiumDriver lambda$new$3
WARNING: Unable to find version of CDP to use for . You may need to include a dependency on a specific version of the CDP using something similar to `org.seleniumhq.selenium:selenium-devtools-v86:4.4.0` where the version ("v86") matches the version of the chromium-based browser you're using and the version number of the artifact is the same as Selenium's.
]]></system-err>
  </testcase>
  <testcase name="Verify Shop by Department sidebar" classname="Retail Home Page" time="2.751">
    <system-out><![CDATA[
@retailHome @smoke
Scenario: Verify Shop by Department sidebar                        # features/RetailHomePage.feature:11
 INFO [main] (SignInSteps.java:23)- user is on retail website
  Given User is on retail website                                  # tek.capstone.framework.steps.SignInSteps.userIsOnRetailWebsite()
 INFO [main] (SignInSteps.java:30)- User clicked on the sign in option
  When User click on Sign in option                                # tek.capstone.framework.steps.SignInSteps.userClickOnSignInOption()
 INFO [main] (SignInSteps.java:39)- user entered sign in values
  And User enter email 'tate@tekschool.us' and password 'Tek@8888' # tek.capstone.framework.steps.SignInSteps.userEnterEmailAndPassword(java.lang.String,java.lang.String)
 INFO [main] (SignInSteps.java:44)- user clicke don the log in button
  And User click on login button                                   # tek.capstone.framework.steps.SignInSteps.userClickOnLoginButton()
 INFO [main] (SignInSteps.java:50)- user on account page
  Then User should be logged in into Account                       # tek.capstone.framework.steps.SignInSteps.userShouldBeLoggedInIntoAccount()
 INFO [main] (SignInSteps.java:23)- user is on retail website
  Given User is on retail website                                  # tek.capstone.framework.steps.SignInSteps.userIsOnRetailWebsite()
 INFO [main] (RetailHomePageSteps.java:24)- user clicked on All section
  When User click on All section                                   # tek.capstone.framework.steps.RetailHomePageSteps.userClickOnAllSection()
 INFO [main] (RetailHomePageSteps.java:38)- actual is equal to expected
  Then below options are present in shop by department sidebar     # tek.capstone.framework.steps.RetailHomePageSteps.belowOptionsArePresentInShopByDepartmentSidebar(io.cucumber.datatable.DataTable)
    | Electronics | Computers | Smart Home | Sports | Automative |
]]></system-out>
    <system-err><![CDATA[Starting ChromeDriver 111.0.5563.64 (c710e93d5b63b7095afe8c2c17df34408078439d-refs/branch-heads/5563@{#995}) on port 60182
Only local connections are allowed.
Please see https://chromedriver.chromium.org/security-considerations for suggestions on keeping ChromeDriver safe.
ChromeDriver was started successfully.
Apr 17, 2023 10:19:20 PM org.openqa.selenium.remote.ProtocolHandshake createSession
INFO: Detected upstream dialect: W3C
Apr 17, 2023 10:19:20 PM org.openqa.selenium.devtools.CdpVersionFinder findNearestMatch
WARNING: Unable to find an exact match for CDP version 111, so returning the closest version found: a no-op implementation
Apr 17, 2023 10:19:20 PM org.openqa.selenium.devtools.CdpVersionFinder findNearestMatch
INFO: Unable to find CDP implementation matching 111.
Apr 17, 2023 10:19:20 PM org.openqa.selenium.chromium.ChromiumDriver lambda$new$3
WARNING: Unable to find version of CDP to use for . You may need to include a dependency on a specific version of the CDP using something similar to `org.seleniumhq.selenium:selenium-devtools-v86:4.4.0` where the version ("v86") matches the version of the chromium-based browser you're using and the version number of the artifact is the same as Selenium's.
]]></system-err>
  </testcase>
  <testcase name="Verify Department sidebar options #1" classname="Retail Home Page" time="2.86">
    <system-out><![CDATA[
@retailHome @smoke
Scenario Outline: Verify Department sidebar options                # features/RetailHomePage.feature:26
 INFO [main] (SignInSteps.java:23)- user is on retail website
  Given User is on retail website                                  # tek.capstone.framework.steps.SignInSteps.userIsOnRetailWebsite()
 INFO [main] (SignInSteps.java:30)- User clicked on the sign in option
  When User click on Sign in option                                # tek.capstone.framework.steps.SignInSteps.userClickOnSignInOption()
 INFO [main] (SignInSteps.java:39)- user entered sign in values
  And User enter email 'tate@tekschool.us' and password 'Tek@8888' # tek.capstone.framework.steps.SignInSteps.userEnterEmailAndPassword(java.lang.String,java.lang.String)
 INFO [main] (SignInSteps.java:44)- user clicke don the log in button
  And User click on login button                                   # tek.capstone.framework.steps.SignInSteps.userClickOnLoginButton()
 INFO [main] (SignInSteps.java:50)- user on account page
  Then User should be logged in into Account                       # tek.capstone.framework.steps.SignInSteps.userShouldBeLoggedInIntoAccount()
 INFO [main] (SignInSteps.java:23)- user is on retail website
  Given User is on retail website                                  # tek.capstone.framework.steps.SignInSteps.userIsOnRetailWebsite()
 INFO [main] (RetailHomePageSteps.java:24)- user clicked on All section
  When User click on All section                                   # tek.capstone.framework.steps.RetailHomePageSteps.userClickOnAllSection()
  And User on 'Electronics'                                        # tek.capstone.framework.steps.RetailHomePageSteps.userOnElectronics(java.lang.String)
 INFO [main] (RetailHomePageSteps.java:70)- TV & Video is present 
 INFO [main] (RetailHomePageSteps.java:70)- Video Games is present 
  Then below options are present in department                     # tek.capstone.framework.steps.RetailHomePageSteps.belowOptionsArePresentInDepartment(io.cucumber.datatable.DataTable)
    | TV & Video | Video Games |
]]></system-out>
    <system-err><![CDATA[Starting ChromeDriver 111.0.5563.64 (c710e93d5b63b7095afe8c2c17df34408078439d-refs/branch-heads/5563@{#995}) on port 53763
Only local connections are allowed.
Please see https://chromedriver.chromium.org/security-considerations for suggestions on keeping ChromeDriver safe.
ChromeDriver was started successfully.
Apr 17, 2023 10:19:23 PM org.openqa.selenium.remote.ProtocolHandshake createSession
INFO: Detected upstream dialect: W3C
Apr 17, 2023 10:19:23 PM org.openqa.selenium.devtools.CdpVersionFinder findNearestMatch
WARNING: Unable to find an exact match for CDP version 111, so returning the closest version found: a no-op implementation
Apr 17, 2023 10:19:23 PM org.openqa.selenium.devtools.CdpVersionFinder findNearestMatch
INFO: Unable to find CDP implementation matching 111.
Apr 17, 2023 10:19:23 PM org.openqa.selenium.chromium.ChromiumDriver lambda$new$3
WARNING: Unable to find version of CDP to use for . You may need to include a dependency on a specific version of the CDP using something similar to `org.seleniumhq.selenium:selenium-devtools-v86:4.4.0` where the version ("v86") matches the version of the chromium-based browser you're using and the version number of the artifact is the same as Selenium's.
]]></system-err>
  </testcase>
  <testcase name="Verify Department sidebar options #2" classname="Retail Home Page" time="3.173">
    <system-out><![CDATA[
@retailHome @smoke
Scenario Outline: Verify Department sidebar options                # features/RetailHomePage.feature:27
 INFO [main] (SignInSteps.java:23)- user is on retail website
  Given User is on retail website                                  # tek.capstone.framework.steps.SignInSteps.userIsOnRetailWebsite()
 INFO [main] (SignInSteps.java:30)- User clicked on the sign in option
  When User click on Sign in option                                # tek.capstone.framework.steps.SignInSteps.userClickOnSignInOption()
 INFO [main] (SignInSteps.java:39)- user entered sign in values
  And User enter email 'tate@tekschool.us' and password 'Tek@8888' # tek.capstone.framework.steps.SignInSteps.userEnterEmailAndPassword(java.lang.String,java.lang.String)
 INFO [main] (SignInSteps.java:44)- user clicke don the log in button
  And User click on login button                                   # tek.capstone.framework.steps.SignInSteps.userClickOnLoginButton()
 INFO [main] (SignInSteps.java:50)- user on account page
  Then User should be logged in into Account                       # tek.capstone.framework.steps.SignInSteps.userShouldBeLoggedInIntoAccount()
 INFO [main] (SignInSteps.java:23)- user is on retail website
  Given User is on retail website                                  # tek.capstone.framework.steps.SignInSteps.userIsOnRetailWebsite()
 INFO [main] (RetailHomePageSteps.java:24)- user clicked on All section
  When User click on All section                                   # tek.capstone.framework.steps.RetailHomePageSteps.userClickOnAllSection()
  And User on 'Computers'                                          # tek.capstone.framework.steps.RetailHomePageSteps.userOnElectronics(java.lang.String)
 INFO [main] (RetailHomePageSteps.java:70)- Accessories is present 
 INFO [main] (RetailHomePageSteps.java:70)- Networking is present 
  Then below options are present in department                     # tek.capstone.framework.steps.RetailHomePageSteps.belowOptionsArePresentInDepartment(io.cucumber.datatable.DataTable)
    | Accessories | Networking |
]]></system-out>
    <system-err><![CDATA[Starting ChromeDriver 111.0.5563.64 (c710e93d5b63b7095afe8c2c17df34408078439d-refs/branch-heads/5563@{#995}) on port 58611
Only local connections are allowed.
Please see https://chromedriver.chromium.org/security-considerations for suggestions on keeping ChromeDriver safe.
ChromeDriver was started successfully.
Apr 17, 2023 10:19:26 PM org.openqa.selenium.remote.ProtocolHandshake createSession
INFO: Detected upstream dialect: W3C
Apr 17, 2023 10:19:26 PM org.openqa.selenium.devtools.CdpVersionFinder findNearestMatch
WARNING: Unable to find an exact match for CDP version 111, so returning the closest version found: a no-op implementation
Apr 17, 2023 10:19:26 PM org.openqa.selenium.devtools.CdpVersionFinder findNearestMatch
INFO: Unable to find CDP implementation matching 111.
Apr 17, 2023 10:19:26 PM org.openqa.selenium.chromium.ChromiumDriver lambda$new$3
WARNING: Unable to find version of CDP to use for . You may need to include a dependency on a specific version of the CDP using something similar to `org.seleniumhq.selenium:selenium-devtools-v86:4.4.0` where the version ("v86") matches the version of the chromium-based browser you're using and the version number of the artifact is the same as Selenium's.
]]></system-err>
  </testcase>
  <testcase name="Verify Department sidebar options #3" classname="Retail Home Page" time="2.823">
    <system-out><![CDATA[
@retailHome @smoke
Scenario Outline: Verify Department sidebar options                # features/RetailHomePage.feature:28
 INFO [main] (SignInSteps.java:23)- user is on retail website
  Given User is on retail website                                  # tek.capstone.framework.steps.SignInSteps.userIsOnRetailWebsite()
 INFO [main] (SignInSteps.java:30)- User clicked on the sign in option
  When User click on Sign in option                                # tek.capstone.framework.steps.SignInSteps.userClickOnSignInOption()
 INFO [main] (SignInSteps.java:39)- user entered sign in values
  And User enter email 'tate@tekschool.us' and password 'Tek@8888' # tek.capstone.framework.steps.SignInSteps.userEnterEmailAndPassword(java.lang.String,java.lang.String)
 INFO [main] (SignInSteps.java:44)- user clicke don the log in button
  And User click on login button                                   # tek.capstone.framework.steps.SignInSteps.userClickOnLoginButton()
 INFO [main] (SignInSteps.java:50)- user on account page
  Then User should be logged in into Account                       # tek.capstone.framework.steps.SignInSteps.userShouldBeLoggedInIntoAccount()
 INFO [main] (SignInSteps.java:23)- user is on retail website
  Given User is on retail website                                  # tek.capstone.framework.steps.SignInSteps.userIsOnRetailWebsite()
 INFO [main] (RetailHomePageSteps.java:24)- user clicked on All section
  When User click on All section                                   # tek.capstone.framework.steps.RetailHomePageSteps.userClickOnAllSection()
  And User on 'Smart Home'                                         # tek.capstone.framework.steps.RetailHomePageSteps.userOnElectronics(java.lang.String)
 INFO [main] (RetailHomePageSteps.java:70)- Smart Home Lightning is present 
 INFO [main] (RetailHomePageSteps.java:70)- Plugs and Outlets is present 
  Then below options are present in department                     # tek.capstone.framework.steps.RetailHomePageSteps.belowOptionsArePresentInDepartment(io.cucumber.datatable.DataTable)
    | Smart Home Lightning | Plugs and Outlets |
]]></system-out>
    <system-err><![CDATA[Starting ChromeDriver 111.0.5563.64 (c710e93d5b63b7095afe8c2c17df34408078439d-refs/branch-heads/5563@{#995}) on port 54486
Only local connections are allowed.
Please see https://chromedriver.chromium.org/security-considerations for suggestions on keeping ChromeDriver safe.
ChromeDriver was started successfully.
Apr 17, 2023 10:19:29 PM org.openqa.selenium.remote.ProtocolHandshake createSession
INFO: Detected upstream dialect: W3C
Apr 17, 2023 10:19:29 PM org.openqa.selenium.devtools.CdpVersionFinder findNearestMatch
WARNING: Unable to find an exact match for CDP version 111, so returning the closest version found: a no-op implementation
Apr 17, 2023 10:19:29 PM org.openqa.selenium.devtools.CdpVersionFinder findNearestMatch
INFO: Unable to find CDP implementation matching 111.
Apr 17, 2023 10:19:29 PM org.openqa.selenium.chromium.ChromiumDriver lambda$new$3
WARNING: Unable to find version of CDP to use for . You may need to include a dependency on a specific version of the CDP using something similar to `org.seleniumhq.selenium:selenium-devtools-v86:4.4.0` where the version ("v86") matches the version of the chromium-based browser you're using and the version number of the artifact is the same as Selenium's.
]]></system-err>
  </testcase>
  <testcase name="Verify Department sidebar options #4" classname="Retail Home Page" time="2.96">
    <system-out><![CDATA[
@retailHome @smoke
Scenario Outline: Verify Department sidebar options                # features/RetailHomePage.feature:29
 INFO [main] (SignInSteps.java:23)- user is on retail website
  Given User is on retail website                                  # tek.capstone.framework.steps.SignInSteps.userIsOnRetailWebsite()
 INFO [main] (SignInSteps.java:30)- User clicked on the sign in option
  When User click on Sign in option                                # tek.capstone.framework.steps.SignInSteps.userClickOnSignInOption()
 INFO [main] (SignInSteps.java:39)- user entered sign in values
  And User enter email 'tate@tekschool.us' and password 'Tek@8888' # tek.capstone.framework.steps.SignInSteps.userEnterEmailAndPassword(java.lang.String,java.lang.String)
 INFO [main] (SignInSteps.java:44)- user clicke don the log in button
  And User click on login button                                   # tek.capstone.framework.steps.SignInSteps.userClickOnLoginButton()
 INFO [main] (SignInSteps.java:50)- user on account page
  Then User should be logged in into Account                       # tek.capstone.framework.steps.SignInSteps.userShouldBeLoggedInIntoAccount()
 INFO [main] (SignInSteps.java:23)- user is on retail website
  Given User is on retail website                                  # tek.capstone.framework.steps.SignInSteps.userIsOnRetailWebsite()
 INFO [main] (RetailHomePageSteps.java:24)- user clicked on All section
  When User click on All section                                   # tek.capstone.framework.steps.RetailHomePageSteps.userClickOnAllSection()
  And User on 'Sports'                                             # tek.capstone.framework.steps.RetailHomePageSteps.userOnElectronics(java.lang.String)
 INFO [main] (RetailHomePageSteps.java:70)- Athletic Clothing is present 
 INFO [main] (RetailHomePageSteps.java:70)- Exercise & Fitness is present 
  Then below options are present in department                     # tek.capstone.framework.steps.RetailHomePageSteps.belowOptionsArePresentInDepartment(io.cucumber.datatable.DataTable)
    | Athletic Clothing | Exercise & Fitness |
]]></system-out>
    <system-err><![CDATA[Starting ChromeDriver 111.0.5563.64 (c710e93d5b63b7095afe8c2c17df34408078439d-refs/branch-heads/5563@{#995}) on port 64973
Only local connections are allowed.
Please see https://chromedriver.chromium.org/security-considerations for suggestions on keeping ChromeDriver safe.
ChromeDriver was started successfully.
Apr 17, 2023 10:19:32 PM org.openqa.selenium.remote.ProtocolHandshake createSession
INFO: Detected upstream dialect: W3C
Apr 17, 2023 10:19:32 PM org.openqa.selenium.devtools.CdpVersionFinder findNearestMatch
WARNING: Unable to find an exact match for CDP version 111, so returning the closest version found: a no-op implementation
Apr 17, 2023 10:19:32 PM org.openqa.selenium.devtools.CdpVersionFinder findNearestMatch
INFO: Unable to find CDP implementation matching 111.
Apr 17, 2023 10:19:32 PM org.openqa.selenium.chromium.ChromiumDriver lambda$new$3
WARNING: Unable to find version of CDP to use for . You may need to include a dependency on a specific version of the CDP using something similar to `org.seleniumhq.selenium:selenium-devtools-v86:4.4.0` where the version ("v86") matches the version of the chromium-based browser you're using and the version number of the artifact is the same as Selenium's.
]]></system-err>
  </testcase>
  <testcase name="Verify Department sidebar options #5" classname="Retail Home Page" time="3.069">
    <system-out><![CDATA[
@retailHome @smoke
Scenario Outline: Verify Department sidebar options                # features/RetailHomePage.feature:30
 INFO [main] (SignInSteps.java:23)- user is on retail website
  Given User is on retail website                                  # tek.capstone.framework.steps.SignInSteps.userIsOnRetailWebsite()
 INFO [main] (SignInSteps.java:30)- User clicked on the sign in option
  When User click on Sign in option                                # tek.capstone.framework.steps.SignInSteps.userClickOnSignInOption()
 INFO [main] (SignInSteps.java:39)- user entered sign in values
  And User enter email 'tate@tekschool.us' and password 'Tek@8888' # tek.capstone.framework.steps.SignInSteps.userEnterEmailAndPassword(java.lang.String,java.lang.String)
 INFO [main] (SignInSteps.java:44)- user clicke don the log in button
  And User click on login button                                   # tek.capstone.framework.steps.SignInSteps.userClickOnLoginButton()
 INFO [main] (SignInSteps.java:50)- user on account page
  Then User should be logged in into Account                       # tek.capstone.framework.steps.SignInSteps.userShouldBeLoggedInIntoAccount()
 INFO [main] (SignInSteps.java:23)- user is on retail website
  Given User is on retail website                                  # tek.capstone.framework.steps.SignInSteps.userIsOnRetailWebsite()
 INFO [main] (RetailHomePageSteps.java:24)- user clicked on All section
  When User click on All section                                   # tek.capstone.framework.steps.RetailHomePageSteps.userClickOnAllSection()
  And User on 'Automative'                                         # tek.capstone.framework.steps.RetailHomePageSteps.userOnElectronics(java.lang.String)
 INFO [main] (RetailHomePageSteps.java:70)- Automative Parts & Accessories is present 
 INFO [main] (RetailHomePageSteps.java:70)- MotorCycle & Powersports is present 
  Then below options are present in department                     # tek.capstone.framework.steps.RetailHomePageSteps.belowOptionsArePresentInDepartment(io.cucumber.datatable.DataTable)
    | Automative Parts & Accessories | MotorCycle & Powersports |
]]></system-out>
    <system-err><![CDATA[Starting ChromeDriver 111.0.5563.64 (c710e93d5b63b7095afe8c2c17df34408078439d-refs/branch-heads/5563@{#995}) on port 64186
Only local connections are allowed.
Please see https://chromedriver.chromium.org/security-considerations for suggestions on keeping ChromeDriver safe.
ChromeDriver was started successfully.
Apr 17, 2023 10:19:35 PM org.openqa.selenium.remote.ProtocolHandshake createSession
INFO: Detected upstream dialect: W3C
Apr 17, 2023 10:19:35 PM org.openqa.selenium.devtools.CdpVersionFinder findNearestMatch
WARNING: Unable to find an exact match for CDP version 111, so returning the closest version found: a no-op implementation
Apr 17, 2023 10:19:35 PM org.openqa.selenium.devtools.CdpVersionFinder findNearestMatch
INFO: Unable to find CDP implementation matching 111.
Apr 17, 2023 10:19:35 PM org.openqa.selenium.chromium.ChromiumDriver lambda$new$3
WARNING: Unable to find version of CDP to use for . You may need to include a dependency on a specific version of the CDP using something similar to `org.seleniumhq.selenium:selenium-devtools-v86:4.4.0` where the version ("v86") matches the version of the chromium-based browser you're using and the version number of the artifact is the same as Selenium's.
]]></system-err>
  </testcase>
  <testcase name="Verify User can add an item to cart and place order without saved address and credit card" classname="Retail Home Page" time="4.692">
    <system-out><![CDATA[
@retailHome @smoke
Scenario: Verify User can add an item to cart and place order without saved address and credit card # features/RetailHomePage.feature:32
 INFO [main] (SignInSteps.java:23)- user is on retail website
  Given User is on retail website                                                                   # tek.capstone.framework.steps.SignInSteps.userIsOnRetailWebsite()
 INFO [main] (SignInSteps.java:30)- User clicked on the sign in option
  When User click on Sign in option                                                                 # tek.capstone.framework.steps.SignInSteps.userClickOnSignInOption()
 INFO [main] (SignInSteps.java:39)- user entered sign in values
  And User enter email 'tate@tekschool.us' and password 'Tek@8888'                                  # tek.capstone.framework.steps.SignInSteps.userEnterEmailAndPassword(java.lang.String,java.lang.String)
 INFO [main] (SignInSteps.java:44)- user clicke don the log in button
  And User click on login button                                                                    # tek.capstone.framework.steps.SignInSteps.userClickOnLoginButton()
 INFO [main] (SignInSteps.java:50)- user on account page
  Then User should be logged in into Account                                                        # tek.capstone.framework.steps.SignInSteps.userShouldBeLoggedInIntoAccount()
 INFO [main] (RetailHomePageSteps.java:81)- user selected product category
  And User change the category to 'Electronics'                                                     # tek.capstone.framework.steps.RetailHomePageSteps.userChangeTheCategoryTo(java.lang.String)
 INFO [main] (RetailHomePageSteps.java:87)- user entered product in search bar
  And User search for an item 'Apex Legends'                                                        # tek.capstone.framework.steps.RetailHomePageSteps.userSearchForAnItem(java.lang.String)
 INFO [main] (RetailHomePageSteps.java:93)- user clicked on the search button
  And User click on Search icon                                                                     # tek.capstone.framework.steps.RetailHomePageSteps.userClickOnSearchIcon()
 INFO [main] (RetailHomePageSteps.java:99)- user clicked on the product
  And User click on item                                                                            # tek.capstone.framework.steps.RetailHomePageSteps.userClickOnItem()
 INFO [main] (RetailHomePageSteps.java:105)- user selected product quantity
  And User select quantity '2'                                                                      # tek.capstone.framework.steps.RetailHomePageSteps.userSelectQuantity(java.lang.String)
 INFO [main] (RetailHomePageSteps.java:112)- user clicked on the add to cart button
  And User click add to Cart button                                                                 # tek.capstone.framework.steps.RetailHomePageSteps.userClickAddToCartButton()
 INFO [main] (RetailHomePageSteps.java:124)- quantity of item added to the cart verified
  Then the cart icon quantity should change to '2'                                                  # tek.capstone.framework.steps.RetailHomePageSteps.theCartIconQuantityShouldChangeTo(java.lang.String)
 INFO [main] (RetailHomePageSteps.java:131)- user clicked on the cart option
  And User click on Cart option                                                                     # tek.capstone.framework.steps.RetailHomePageSteps.userClickOnCartOption()
 INFO [main] (RetailHomePageSteps.java:137)- user clicked on the check out button
  And User click on Proceed to Checkout button                                                      # tek.capstone.framework.steps.RetailHomePageSteps.userClickOnProceedToCheckoutButton()
 INFO [main] (RetailHomePageSteps.java:142)- user clikced on the shipping address add button
  And User click Add a new address link for shipping address                                        # tek.capstone.framework.steps.RetailHomePageSteps.userClickAddANewAddressLinkForShippingAddress()
 INFO [main] (RetailHomePageSteps.java:155)- user entered address info
  And User fill new address form with below information                                             # tek.capstone.framework.steps.RetailHomePageSteps.userFillNewAddressFormWithBelowInformation(io.cucumber.datatable.DataTable)
    | fullName | phoneNumber | streetAddress | apt | city      | state    | zipCode |
    | Bobo     | 2023338899  | Other St      | 01  | Arlington | Virginia | 22044   |
 INFO [main] (RetailAccountSteps.java:190)- user clicked on the submit address button
  And User click Add Your Address button                                                            # tek.capstone.framework.steps.RetailAccountSteps.userClickAddYourAddressButton()
 INFO [main] (RetailHomePageSteps.java:160)- user clicked on the add payment method button
  And User click Add a credit card or Debit Card for Payment method                                 # tek.capstone.framework.steps.RetailHomePageSteps.userClickAddACreditCardOrDebitCardForPaymentMethod()
 INFO [main] (RetailAccountSteps.java:91)- user added new card info
  And User fill Debit or credit card information                                                    # tek.capstone.framework.steps.RetailAccountSteps.userFillDebitOrCreditCardInformation(io.cucumber.datatable.DataTable)
    | cardNumber       | nameOnCard | expirationMonth | expirationYear | securityCode |
    | 1122334455667788 | Boboshko   | 12              | 2025           | 999          |
 INFO [main] (RetailAccountSteps.java:98)- user clicked on the add your card button
  And User click on Add your card button                                                            # tek.capstone.framework.steps.RetailAccountSteps.userClickOnAddYourCardButton()
 INFO [main] (RetailHomePageSteps.java:168)- user placed the order
  And User click on Place Your Order                                                                # tek.capstone.framework.steps.RetailHomePageSteps.userClickOnPlaceYourOrder()
 INFO [main] (RetailHomePageSteps.java:173)- order placed thanks Message displayed
  Then a message should be displayed 'Order Placed, Thanks'                                         # tek.capstone.framework.steps.RetailHomePageSteps.aMessageShouldBeDisplayed(java.lang.String)
]]></system-out>
    <system-err><![CDATA[Starting ChromeDriver 111.0.5563.64 (c710e93d5b63b7095afe8c2c17df34408078439d-refs/branch-heads/5563@{#995}) on port 54092
Only local connections are allowed.
Please see https://chromedriver.chromium.org/security-considerations for suggestions on keeping ChromeDriver safe.
ChromeDriver was started successfully.
Apr 17, 2023 10:19:38 PM org.openqa.selenium.remote.ProtocolHandshake createSession
INFO: Detected upstream dialect: W3C
Apr 17, 2023 10:19:38 PM org.openqa.selenium.devtools.CdpVersionFinder findNearestMatch
WARNING: Unable to find an exact match for CDP version 111, so returning the closest version found: a no-op implementation
Apr 17, 2023 10:19:38 PM org.openqa.selenium.devtools.CdpVersionFinder findNearestMatch
INFO: Unable to find CDP implementation matching 111.
Apr 17, 2023 10:19:38 PM org.openqa.selenium.chromium.ChromiumDriver lambda$new$3
WARNING: Unable to find version of CDP to use for . You may need to include a dependency on a specific version of the CDP using something similar to `org.seleniumhq.selenium:selenium-devtools-v86:4.4.0` where the version ("v86") matches the version of the chromium-based browser you're using and the version number of the artifact is the same as Selenium's.
]]></system-err>
  </testcase>
  <testcase name="Verify user can place order with saved card and address" classname="Retail order page" time="3.549">
    <system-out><![CDATA[
@orderFeatureCompleteTest @smoke
Scenario: Verify user can place order with saved card and address  # features/RetailOrderPage.feature:11
 INFO [main] (SignInSteps.java:23)- user is on retail website
  Given User is on retail website                                  # tek.capstone.framework.steps.SignInSteps.userIsOnRetailWebsite()
 INFO [main] (SignInSteps.java:30)- User clicked on the sign in option
  When User click on Sign in option                                # tek.capstone.framework.steps.SignInSteps.userClickOnSignInOption()
 INFO [main] (SignInSteps.java:39)- user entered sign in values
  And User enter email 'tate@tekschool.us' and password 'Tek@8888' # tek.capstone.framework.steps.SignInSteps.userEnterEmailAndPassword(java.lang.String,java.lang.String)
 INFO [main] (SignInSteps.java:44)- user clicke don the log in button
  And User click on login button                                   # tek.capstone.framework.steps.SignInSteps.userClickOnLoginButton()
 INFO [main] (SignInSteps.java:50)- user on account page
  Then User should be logged in into Account                       # tek.capstone.framework.steps.SignInSteps.userShouldBeLoggedInIntoAccount()
 INFO [main] (RetailHomePageSteps.java:81)- user selected product category
  And User change the category to 'Electronics'                    # tek.capstone.framework.steps.RetailHomePageSteps.userChangeTheCategoryTo(java.lang.String)
 INFO [main] (RetailHomePageSteps.java:87)- user entered product in search bar
  And User search for an item 'Apex Legends'                       # tek.capstone.framework.steps.RetailHomePageSteps.userSearchForAnItem(java.lang.String)
 INFO [main] (RetailHomePageSteps.java:93)- user clicked on the search button
  And User click on Search icon                                    # tek.capstone.framework.steps.RetailHomePageSteps.userClickOnSearchIcon()
 INFO [main] (RetailHomePageSteps.java:99)- user clicked on the product
  And User click on item                                           # tek.capstone.framework.steps.RetailHomePageSteps.userClickOnItem()
 INFO [main] (RetailHomePageSteps.java:105)- user selected product quantity
  And User select quantity '5'                                     # tek.capstone.framework.steps.RetailHomePageSteps.userSelectQuantity(java.lang.String)
 INFO [main] (RetailHomePageSteps.java:112)- user clicked on the add to cart button
  And User click add to Cart button                                # tek.capstone.framework.steps.RetailHomePageSteps.userClickAddToCartButton()
 INFO [main] (RetailHomePageSteps.java:124)- quantity of item added to the cart verified
  Then the cart icon quantity should change to '5'                 # tek.capstone.framework.steps.RetailHomePageSteps.theCartIconQuantityShouldChangeTo(java.lang.String)
 INFO [main] (RetailHomePageSteps.java:131)- user clicked on the cart option
  And User click on Cart option                                    # tek.capstone.framework.steps.RetailHomePageSteps.userClickOnCartOption()
 INFO [main] (RetailHomePageSteps.java:137)- user clicked on the check out button
  And User click on Proceed to Checkout button                     # tek.capstone.framework.steps.RetailHomePageSteps.userClickOnProceedToCheckoutButton()
 INFO [main] (RetailHomePageSteps.java:168)- user placed the order
  And User click on Place Your Order                               # tek.capstone.framework.steps.RetailHomePageSteps.userClickOnPlaceYourOrder()
 INFO [main] (RetailHomePageSteps.java:173)- order placed thanks Message displayed
  Then a message should be displayed 'Order Placed, Thanks'        # tek.capstone.framework.steps.RetailHomePageSteps.aMessageShouldBeDisplayed(java.lang.String)
]]></system-out>
    <system-err><![CDATA[Starting ChromeDriver 111.0.5563.64 (c710e93d5b63b7095afe8c2c17df34408078439d-refs/branch-heads/5563@{#995}) on port 52024
Only local connections are allowed.
Please see https://chromedriver.chromium.org/security-considerations for suggestions on keeping ChromeDriver safe.
ChromeDriver was started successfully.
Apr 17, 2023 10:19:43 PM org.openqa.selenium.remote.ProtocolHandshake createSession
INFO: Detected upstream dialect: W3C
Apr 17, 2023 10:19:43 PM org.openqa.selenium.devtools.CdpVersionFinder findNearestMatch
WARNING: Unable to find an exact match for CDP version 111, so returning the closest version found: a no-op implementation
Apr 17, 2023 10:19:43 PM org.openqa.selenium.devtools.CdpVersionFinder findNearestMatch
INFO: Unable to find CDP implementation matching 111.
Apr 17, 2023 10:19:43 PM org.openqa.selenium.chromium.ChromiumDriver lambda$new$3
WARNING: Unable to find version of CDP to use for . You may need to include a dependency on a specific version of the CDP using something similar to `org.seleniumhq.selenium:selenium-devtools-v86:4.4.0` where the version ("v86") matches the version of the chromium-based browser you're using and the version number of the artifact is the same as Selenium's.
]]></system-err>
  </testcase>
  <testcase name="Verify User can cancel the order" classname="Retail order page" time="3.386">
    <failure type="java.lang.AssertionError"><![CDATA[java.lang.AssertionError
	at org.junit.Assert.fail(Assert.java:87)
	at org.junit.Assert.assertTrue(Assert.java:42)
	at org.junit.Assert.assertTrue(Assert.java:53)
	at tek.capstone.framework.steps.SignInSteps.userShouldBeLoggedInIntoAccount(SignInSteps.java:49)
	at ✽.User should be logged in into Account(classpath:features/RetailOrderPage.feature:9)
]]></failure>
    <system-out><![CDATA[
@orderFeatureCompleteTest @smoke
Scenario: Verify User can cancel the order                                       # features/RetailOrderPage.feature:24
 INFO [main] (SignInSteps.java:23)- user is on retail website
  Given User is on retail website                                                # tek.capstone.framework.steps.SignInSteps.userIsOnRetailWebsite()
 INFO [main] (SignInSteps.java:30)- User clicked on the sign in option
  When User click on Sign in option                                              # tek.capstone.framework.steps.SignInSteps.userClickOnSignInOption()
 INFO [main] (SignInSteps.java:39)- user entered sign in values
  And User enter email 'tate@tekschool.us' and password 'Tek@8888'               # tek.capstone.framework.steps.SignInSteps.userEnterEmailAndPassword(java.lang.String,java.lang.String)
 INFO [main] (SignInSteps.java:44)- user clicke don the log in button
  And User click on login button                                                 # tek.capstone.framework.steps.SignInSteps.userClickOnLoginButton()
  Then User should be logged in into Account                                     # tek.capstone.framework.steps.SignInSteps.userShouldBeLoggedInIntoAccount()
      java.lang.AssertionError
	at org.junit.Assert.fail(Assert.java:87)
	at org.junit.Assert.assertTrue(Assert.java:42)
	at org.junit.Assert.assertTrue(Assert.java:53)
	at tek.capstone.framework.steps.SignInSteps.userShouldBeLoggedInIntoAccount(SignInSteps.java:49)
	at âœ½.User should be logged in into Account(classpath:features/RetailOrderPage.feature:9)

  And User click on Orders section                                               # tek.capstone.framework.steps.RetailHomePageSteps.userClickOnOrdersSection()
  And User click on first order in list                                          # tek.capstone.framework.steps.RetailHomePageSteps.userClickOnFirstOrderInList()
  And User click on Cancel The Order button                                      # tek.capstone.framework.steps.RetailHomePageSteps.userClickOnCancelTheOrderButton()
  And User select the cancelation Reason 'Bought wrong item'                     # tek.capstone.framework.steps.RetailHomePageSteps.userSelectTheCancelationReason(java.lang.String)
  And User click on Cancel Order button                                          # tek.capstone.framework.steps.RetailHomePageSteps.userClickOnCancelOrderButton()
  Then a cancelation message should be displayed 'Your Order Has Been Cancelled' # tek.capstone.framework.steps.RetailHomePageSteps.aCancelationMessageShouldBeDisplayed(java.lang.String)

    Embedding Verify User can cancel the order scenario Failed [image/png 284636 bytes]

]]></system-out>
    <system-err><![CDATA[Starting ChromeDriver 111.0.5563.64 (c710e93d5b63b7095afe8c2c17df34408078439d-refs/branch-heads/5563@{#995}) on port 56600
Only local connections are allowed.
Please see https://chromedriver.chromium.org/security-considerations for suggestions on keeping ChromeDriver safe.
ChromeDriver was started successfully.
Apr 17, 2023 10:19:46 PM org.openqa.selenium.remote.ProtocolHandshake createSession
INFO: Detected upstream dialect: W3C
Apr 17, 2023 10:19:46 PM org.openqa.selenium.devtools.CdpVersionFinder findNearestMatch
WARNING: Unable to find an exact match for CDP version 111, so returning the closest version found: a no-op implementation
Apr 17, 2023 10:19:46 PM org.openqa.selenium.devtools.CdpVersionFinder findNearestMatch
INFO: Unable to find CDP implementation matching 111.
Apr 17, 2023 10:19:46 PM org.openqa.selenium.chromium.ChromiumDriver lambda$new$3
WARNING: Unable to find version of CDP to use for . You may need to include a dependency on a specific version of the CDP using something similar to `org.seleniumhq.selenium:selenium-devtools-v86:4.4.0` where the version ("v86") matches the version of the chromium-based browser you're using and the version number of the artifact is the same as Selenium's.
]]></system-err>
  </testcase>
  <testcase name="Verify User can Return the order" classname="Retail order page" time="4.333">
    <system-out><![CDATA[
@orderFeatureCompleteTest @smoke
Scenario: Verify User can Return the order                           # features/RetailOrderPage.feature:32
 INFO [main] (SignInSteps.java:23)- user is on retail website
  Given User is on retail website                                    # tek.capstone.framework.steps.SignInSteps.userIsOnRetailWebsite()
 INFO [main] (SignInSteps.java:30)- User clicked on the sign in option
  When User click on Sign in option                                  # tek.capstone.framework.steps.SignInSteps.userClickOnSignInOption()
 INFO [main] (SignInSteps.java:39)- user entered sign in values
  And User enter email 'tate@tekschool.us' and password 'Tek@8888'   # tek.capstone.framework.steps.SignInSteps.userEnterEmailAndPassword(java.lang.String,java.lang.String)
 INFO [main] (SignInSteps.java:44)- user clicke don the log in button
  And User click on login button                                     # tek.capstone.framework.steps.SignInSteps.userClickOnLoginButton()
 INFO [main] (SignInSteps.java:50)- user on account page
  Then User should be logged in into Account                         # tek.capstone.framework.steps.SignInSteps.userShouldBeLoggedInIntoAccount()
 INFO [main] (RetailHomePageSteps.java:186)- user clicked ont the order section
  And User click on Orders section                                   # tek.capstone.framework.steps.RetailHomePageSteps.userClickOnOrdersSection()
 INFO [main] (RetailHomePageSteps.java:196)- user clicked on the first order
  And User click on first order in list                              # tek.capstone.framework.steps.RetailHomePageSteps.userClickOnFirstOrderInList()
 INFO [main] (RetailHomePageSteps.java:228)- user clicked on the return button
  And User click on Return Items button                              # tek.capstone.framework.steps.RetailHomePageSteps.userClickOnReturnItemsButton()
 INFO [main] (RetailHomePageSteps.java:235)- user selected return reason
  And User select the Return Reason 'Item damaged'                   # tek.capstone.framework.steps.RetailHomePageSteps.userSelectTheReturnReason(java.lang.String)
 INFO [main] (RetailHomePageSteps.java:241)- user selected drop off option
  And User select the drop off service 'FedEx'                       # tek.capstone.framework.steps.RetailHomePageSteps.userSelectTheDropOffService(java.lang.String)
 INFO [main] (RetailHomePageSteps.java:246)- user submitted return order
  And User click on Return Order button                              # tek.capstone.framework.steps.RetailHomePageSteps.userClickOnReturnOrderButton()
 INFO [main] (RetailHomePageSteps.java:252)- order return successful message diplayed
  Then a return message should be displayed 'Return was successfull' # tek.capstone.framework.steps.RetailHomePageSteps.aReturnMessageShouldBeDisplayed(java.lang.String)
]]></system-out>
    <system-err><![CDATA[Starting ChromeDriver 111.0.5563.64 (c710e93d5b63b7095afe8c2c17df34408078439d-refs/branch-heads/5563@{#995}) on port 60823
Only local connections are allowed.
Please see https://chromedriver.chromium.org/security-considerations for suggestions on keeping ChromeDriver safe.
ChromeDriver was started successfully.
Apr 17, 2023 10:19:50 PM org.openqa.selenium.remote.ProtocolHandshake createSession
INFO: Detected upstream dialect: W3C
Apr 17, 2023 10:19:50 PM org.openqa.selenium.devtools.CdpVersionFinder findNearestMatch
WARNING: Unable to find an exact match for CDP version 111, so returning the closest version found: a no-op implementation
Apr 17, 2023 10:19:50 PM org.openqa.selenium.devtools.CdpVersionFinder findNearestMatch
INFO: Unable to find CDP implementation matching 111.
Apr 17, 2023 10:19:50 PM org.openqa.selenium.chromium.ChromiumDriver lambda$new$3
WARNING: Unable to find version of CDP to use for . You may need to include a dependency on a specific version of the CDP using something similar to `org.seleniumhq.selenium:selenium-devtools-v86:4.4.0` where the version ("v86") matches the version of the chromium-based browser you're using and the version number of the artifact is the same as Selenium's.
]]></system-err>
  </testcase>
  <testcase name="Verify User can write a review on order placed" classname="Retail order page" time="4.519">
    <system-out><![CDATA[
@orderFeatureCompleteTest @smoke
Scenario: Verify User can write a review on order placed                                                                  # features/RetailOrderPage.feature:41
 INFO [main] (SignInSteps.java:23)- user is on retail website
  Given User is on retail website                                                                                         # tek.capstone.framework.steps.SignInSteps.userIsOnRetailWebsite()
 INFO [main] (SignInSteps.java:30)- User clicked on the sign in option
  When User click on Sign in option                                                                                       # tek.capstone.framework.steps.SignInSteps.userClickOnSignInOption()
 INFO [main] (SignInSteps.java:39)- user entered sign in values
  And User enter email 'tate@tekschool.us' and password 'Tek@8888'                                                        # tek.capstone.framework.steps.SignInSteps.userEnterEmailAndPassword(java.lang.String,java.lang.String)
 INFO [main] (SignInSteps.java:44)- user clicke don the log in button
  And User click on login button                                                                                          # tek.capstone.framework.steps.SignInSteps.userClickOnLoginButton()
 INFO [main] (SignInSteps.java:50)- user on account page
  Then User should be logged in into Account                                                                              # tek.capstone.framework.steps.SignInSteps.userShouldBeLoggedInIntoAccount()
 INFO [main] (RetailHomePageSteps.java:186)- user clicked ont the order section
  And User click on Orders section                                                                                        # tek.capstone.framework.steps.RetailHomePageSteps.userClickOnOrdersSection()
 INFO [main] (RetailHomePageSteps.java:196)- user clicked on the first order
  And User click on first order in list                                                                                   # tek.capstone.framework.steps.RetailHomePageSteps.userClickOnFirstOrderInList()
 INFO [main] (RetailHomePageSteps.java:258)- userclicked on the review button
  And User click on Review button                                                                                         # tek.capstone.framework.steps.RetailHomePageSteps.userClickOnReviewButton()
 INFO [main] (RetailHomePageSteps.java:265)- user wrote review
  And User write Review headline 'Andrew Tate' and 'super duper product for watching movies, good for watching my videos' # tek.capstone.framework.steps.RetailHomePageSteps.userWriteReviewHeadlineAnd(java.lang.String,java.lang.String)
  And User click Add your Review button                                                                                   # tek.capstone.framework.steps.RetailHomePageSteps.userClickAddYourReviewButton()
 INFO [main] (RetailHomePageSteps.java:277)- Your review added successfully message displayed
  Then a review message should be displayed 'Your review was added successfully'                                          # tek.capstone.framework.steps.RetailHomePageSteps.aReviewMessageShouldBeDisplayed(java.lang.String)
]]></system-out>
    <system-err><![CDATA[Starting ChromeDriver 111.0.5563.64 (c710e93d5b63b7095afe8c2c17df34408078439d-refs/branch-heads/5563@{#995}) on port 62353
Only local connections are allowed.
Please see https://chromedriver.chromium.org/security-considerations for suggestions on keeping ChromeDriver safe.
ChromeDriver was started successfully.
Apr 17, 2023 10:19:54 PM org.openqa.selenium.remote.ProtocolHandshake createSession
INFO: Detected upstream dialect: W3C
Apr 17, 2023 10:19:54 PM org.openqa.selenium.devtools.CdpVersionFinder findNearestMatch
WARNING: Unable to find an exact match for CDP version 111, so returning the closest version found: a no-op implementation
Apr 17, 2023 10:19:54 PM org.openqa.selenium.devtools.CdpVersionFinder findNearestMatch
INFO: Unable to find CDP implementation matching 111.
Apr 17, 2023 10:19:54 PM org.openqa.selenium.chromium.ChromiumDriver lambda$new$3
WARNING: Unable to find version of CDP to use for . You may need to include a dependency on a specific version of the CDP using something similar to `org.seleniumhq.selenium:selenium-devtools-v86:4.4.0` where the version ("v86") matches the version of the chromium-based browser you're using and the version number of the artifact is the same as Selenium's.
]]></system-err>
  </testcase>
[...]
	at com.sun.proxy.$Proxy24.isDisplayed(Unknown Source)
	at org.openqa.selenium.support.ui.ExpectedConditions.elementIfVisible(ExpectedConditions.java:307)
	at org.openqa.selenium.support.ui.ExpectedConditions.access$000(ExpectedConditions.java:40)
	at org.openqa.selenium.support.ui.ExpectedConditions$10.apply(ExpectedConditions.java:293)
	at org.openqa.selenium.support.ui.ExpectedConditions$10.apply(ExpectedConditions.java:290)
	at org.openqa.selenium.support.ui.ExpectedConditions$23.apply(ExpectedConditions.java:660)
	at org.openqa.selenium.support.ui.ExpectedConditions$23.apply(ExpectedConditions.java:656)
	at org.openqa.selenium.support.ui.FluentWait.until(FluentWait.java:208)
	at tek.capstone.framework.utilities.CommonUtility.waitTillClickable(CommonUtility.java:32)
	at tek.capstone.framework.utilities.CommonUtility.click(CommonUtility.java:49)
	at tek.capstone.framework.steps.SignInSteps.userShouldBeLoggedInIntoAccount(SignInSteps.java:48)
	at jdk.internal.reflect.GeneratedMethodAccessor105.invoke(Unknown Source)
	at java.base/jdk.internal.reflect.DelegatingMethodAccessorImpl.invoke(DelegatingMethodAccessorImpl.java:43)
	at java.base/java.lang.reflect.Method.invoke(Method.java:566)
	at io.cucumber.java.Invoker.doInvoke(Invoker.java:66)
	at io.cucumber.java.Invoker.invoke(Invoker.java:24)
	at io.cucumber.java.AbstractGlueDefinition.invokeMethod(AbstractGlueDefinition.java:47)
	at io.cucumber.java.JavaStepDefinition.execute(JavaStepDefinition.java:29)
	at io.cucumber.core.runner.CoreStepDefinition.execute(CoreStepDefinition.java:66)
	at io.cucumber.core.runner.PickleStepDefinitionMatch.runStep(PickleStepDefinitionMatch.java:63)
	at io.cucumber.core.runner.ExecutionMode$1.execute(ExecutionMode.java:10)
	at io.cucumber.core.runner.TestStep.executeStep(TestStep.java:85)
	at io.cucumber.core.runner.TestStep.run(TestStep.java:57)
	at io.cucumber.core.runner.PickleStepTestStep.run(PickleStepTestStep.java:51)
	at io.cucumber.core.runner.TestCase.run(TestCase.java:84)
	at io.cucumber.core.runner.Runner.runPickle(Runner.java:75)
	at io.cucumber.junit.PickleRunners$NoStepDescriptions.lambda$run$0(PickleRunners.java:151)
	at io.cucumber.core.runtime.CucumberExecutionContext.lambda$runTestCase$5(CucumberExecutionContext.java:129)
	at io.cucumber.core.runtime.RethrowingThrowableCollector.executeAndThrow(RethrowingThrowableCollector.java:23)
	at io.cucumber.core.runtime.CucumberExecutionContext.runTestCase(CucumberExecutionContext.java:129)
	at io.cucumber.junit.PickleRunners$NoStepDescriptions.run(PickleRunners.java:148)
	at io.cucumber.junit.FeatureRunner.runChild(FeatureRunner.java:144)
	at io.cucumber.junit.FeatureRunner.runChild(FeatureRunner.java:28)
	at org.junit.runners.ParentRunner$4.run(ParentRunner.java:331)
	at org.junit.runners.ParentRunner$1.schedule(ParentRunner.java:79)
	at org.junit.runners.ParentRunner.runChildren(ParentRunner.java:329)
	at org.junit.runners.ParentRunner.access$100(ParentRunner.java:66)
	at org.junit.runners.ParentRunner$2.evaluate(ParentRunner.java:293)
	at org.junit.runners.ParentRunner$3.evaluate(ParentRunner.java:306)
	at org.junit.runners.ParentRunner.run(ParentRunner.java:413)
	at io.cucumber.junit.FeatureRunner.run(FeatureRunner.java:137)
	at io.cucumber.junit.Cucumber.runChild(Cucumber.java:196)
	at io.cucumber.junit.Cucumber.runChild(Cucumber.java:89)
	at org.junit.runners.ParentRunner$4.run(ParentRunner.java:331)
	at org.junit.runners.ParentRunner$1.schedule(ParentRunner.java:79)
	at org.junit.runners.ParentRunner.runChildren(ParentRunner.java:329)
	at org.junit.runners.ParentRunner.access$100(ParentRunner.java:66)
	at org.junit.runners.ParentRunner$2.evaluate(ParentRunner.java:293)
	at io.cucumber.junit.Cucumber$RunBeforeAllHooks.evaluate(Cucumber.java:266)
	at io.cucumber.junit.Cucumber$RunAfterAllHooks.evaluate(Cucumber.java:281)
	at io.cucumber.junit.Cucumber$StartTestRun.evaluate(Cucumber.java:233)
	at io.cucumber.junit.Cucumber$FinishTestRun.evaluate(Cucumber.java:248)
	at org.junit.runners.ParentRunner$3.evaluate(ParentRunner.java:306)
	at org.junit.runners.ParentRunner.run(ParentRunner.java:413)
	at org.apache.maven.surefire.junit4.JUnit4Provider.execute(JUnit4Provider.java:377)
	at org.apache.maven.surefire.junit4.JUnit4Provider.executeWithRerun(JUnit4Provider.java:284)
	at org.apache.maven.surefire.junit4.JUnit4Provider.executeTestSet(JUnit4Provider.java:248)
	at org.apache.maven.surefire.junit4.JUnit4Provider.invoke(JUnit4Provider.java:167)
	at org.apache.maven.surefire.booter.ForkedBooter.runSuitesInProcess(ForkedBooter.java:456)
	at org.apache.maven.surefire.booter.ForkedBooter.execute(ForkedBooter.java:169)
	at org.apache.maven.surefire.booter.ForkedBooter.run(ForkedBooter.java:595)
	at org.apache.maven.surefire.booter.ForkedBooter.main(ForkedBooter.java:581)
]]></error>
    <system-out><![CDATA[
@signInComplete @smoke @signin
Scenario: Verify user can sign in into Retail Application          # features/SignIn.feature:9
 INFO [main] (SignInSteps.java:23)- user is on retail website
  Given User is on retail website                                  # tek.capstone.framework.steps.SignInSteps.userIsOnRetailWebsite()
 INFO [main] (SignInSteps.java:30)- User clicked on the sign in option
  When User click on Sign in option                                # tek.capstone.framework.steps.SignInSteps.userClickOnSignInOption()
 INFO [main] (SignInSteps.java:39)- user entered sign in values
  And User enter email 'ukas15@gmail.com' and password 'Tek@50005' # tek.capstone.framework.steps.SignInSteps.userEnterEmailAndPassword(java.lang.String,java.lang.String)
 INFO [main] (SignInSteps.java:44)- user clicke don the log in button
  And User click on login button                                   # tek.capstone.framework.steps.SignInSteps.userClickOnLoginButton()
  Then User should be logged in into Account                       # tek.capstone.framework.steps.SignInSteps.userShouldBeLoggedInIntoAccount()
      org.openqa.selenium.TimeoutException: Expected condition failed: waiting for element to be clickable: Proxy element for: DefaultElementLocator 'By.xpath: //a[text()='Account']' (tried for 20 second(s) with 500 milliseconds interval)
	at org.openqa.selenium.support.ui.WebDriverWait.timeoutException(WebDriverWait.java:87)
	at org.openqa.selenium.support.ui.FluentWait.until(FluentWait.java:231)
	at tek.capstone.framework.utilities.CommonUtility.waitTillClickable(CommonUtility.java:32)
	at tek.capstone.framework.utilities.CommonUtility.click(CommonUtility.java:49)
	at tek.capstone.framework.steps.SignInSteps.userShouldBeLoggedInIntoAccount(SignInSteps.java:48)
	at âœ½.User should be logged in into Account(classpath:features/SignIn.feature:12)
Caused by: org.openqa.selenium.NoSuchElementException: no such element: Unable to locate element: {"method":"xpath","selector":"//a[text()='Account']"}
  (Session info: chrome=111.0.5563.149)
For documentation on this error, please visit: https://selenium.dev/exceptions/#no_such_element
Build info: version: '4.4.0', revision: 'e5c75ed026a'
System info: host: 'TEDSALIENWARE', ip: '192.168.1.156', os.name: 'Windows 11', os.arch: 'amd64', os.version: '10.0', java.version: '11.0.16.1'
Driver info: org.openqa.selenium.chrome.ChromeDriver
Command: [8dc1bf773f0af7e8813a6e09133a6cef, findElement {using=xpath, value=//a[text()='Account']}]
Capabilities {acceptInsecureCerts: false, browserName: chrome, browserVersion: 111.0.5563.149, chrome: {chromedriverVersion: 111.0.5563.64 (c710e93d5b63..., userDataDir: C:\Users\tuvsh\AppData\Loca...}, goog:chromeOptions: {debuggerAddress: localhost:54700}, networkConnectionEnabled: false, pageLoadStrategy: normal, platformName: WINDOWS, proxy: Proxy(), se:cdp: ws://localhost:54700/devtoo..., se:cdpVersion: 111.0.5563.149, setWindowRect: true, strictFileInteractability: false, timeouts: {implicit: 0, pageLoad: 300000, script: 30000}, unhandledPromptBehavior: dismiss and notify, webauthn:extension:credBlob: true, webauthn:extension:largeBlob: true, webauthn:extension:minPinLength: true, webauthn:extension:prf: true, webauthn:virtualAuthenticators: true}
Session ID: 8dc1bf773f0af7e8813a6e09133a6cef
	at java.base/jdk.internal.reflect.NativeConstructorAccessorImpl.newInstance0(Native Method)
	at java.base/jdk.internal.reflect.NativeConstructorAccessorImpl.newInstance(NativeConstructorAccessorImpl.java:62)
	at java.base/jdk.internal.reflect.DelegatingConstructorAccessorImpl.newInstance(DelegatingConstructorAccessorImpl.java:45)
	at java.base/java.lang.reflect.Constructor.newInstance(Constructor.java:490)
	at org.openqa.selenium.remote.codec.w3c.W3CHttpResponseCodec.createException(W3CHttpResponseCodec.java:200)
	at org.openqa.selenium.remote.codec.w3c.W3CHttpResponseCodec.decode(W3CHttpResponseCodec.java:133)
	at org.openqa.selenium.remote.codec.w3c.W3CHttpResponseCodec.decode(W3CHttpResponseCodec.java:53)
	at org.openqa.selenium.remote.HttpCommandExecutor.execute(HttpCommandExecutor.java:184)
	at org.openqa.selenium.remote.service.DriverCommandExecutor.invokeExecute(DriverCommandExecutor.java:167)
	at org.openqa.selenium.remote.service.DriverCommandExecutor.execute(DriverCommandExecutor.java:142)
	at org.openqa.selenium.remote.RemoteWebDriver.execute(RemoteWebDriver.java:547)
	at org.openqa.selenium.remote.ElementLocation$ElementFinder$2.findElement(ElementLocation.java:162)
	at org.openqa.selenium.remote.ElementLocation.findElement(ElementLocation.java:60)
	at org.openqa.selenium.remote.RemoteWebDriver.findElement(RemoteWebDriver.java:365)
	at org.openqa.selenium.remote.RemoteWebDriver.findElement(RemoteWebDriver.java:357)
	at org.openqa.selenium.support.pagefactory.DefaultElementLocator.findElement(DefaultElementLocator.java:70)
	at org.openqa.selenium.support.pagefactory.internal.LocatingElementHandler.invoke(LocatingElementHandler.java:39)
	at com.sun.proxy.$Proxy24.isDisplayed(Unknown Source)
	at org.openqa.selenium.support.ui.ExpectedConditions.elementIfVisible(ExpectedConditions.java:307)
	at org.openqa.selenium.support.ui.ExpectedConditions.access$000(ExpectedConditions.java:40)
	at org.openqa.selenium.support.ui.ExpectedConditions$10.apply(ExpectedConditions.java:293)
	at org.openqa.selenium.support.ui.ExpectedConditions$10.apply(ExpectedConditions.java:290)
	at org.openqa.selenium.support.ui.ExpectedConditions$23.apply(ExpectedConditions.java:660)
	at org.openqa.selenium.support.ui.ExpectedConditions$23.apply(ExpectedConditions.java:656)
	at org.openqa.selenium.support.ui.FluentWait.until(FluentWait.java:208)
	at tek.capstone.framework.utilities.CommonUtility.waitTillClickable(CommonUtility.java:32)
	at tek.capstone.framework.utilities.CommonUtility.click(CommonUtility.java:49)
	at tek.capstone.framework.steps.SignInSteps.userShouldBeLoggedInIntoAccount(SignInSteps.java:48)
	at jdk.internal.reflect.GeneratedMethodAccessor105.invoke(Unknown Source)
	at java.base/jdk.internal.reflect.DelegatingMethodAccessorImpl.invoke(DelegatingMethodAccessorImpl.java:43)
	at java.base/java.lang.reflect.Method.invoke(Method.java:566)
	at io.cucumber.java.Invoker.doInvoke(Invoker.java:66)
	at io.cucumber.java.Invoker.invoke(Invoker.java:24)
	at io.cucumber.java.AbstractGlueDefinition.invokeMethod(AbstractGlueDefinition.java:47)
	at io.cucumber.java.JavaStepDefinition.execute(JavaStepDefinition.java:29)
	at io.cucumber.core.runner.CoreStepDefinition.execute(CoreStepDefinition.java:66)
	at io.cucumber.core.runner.PickleStepDefinitionMatch.runStep(PickleStepDefinitionMatch.java:63)
	at io.cucumber.core.runner.ExecutionMode$1.execute(ExecutionMode.java:10)
	at io.cucumber.core.runner.TestStep.executeStep(TestStep.java:85)
	at io.cucumber.core.runner.TestStep.run(TestStep.java:57)
	at io.cucumber.core.runner.PickleStepTestStep.run(PickleStepTestStep.java:51)
	at io.cucumber.core.runner.TestCase.run(TestCase.java:84)
	at io.cucumber.core.runner.Runner.runPickle(Runner.java:75)
	at io.cucumber.junit.PickleRunners$NoStepDescriptions.lambda$run$0(PickleRunners.java:151)
	at io.cucumber.core.runtime.CucumberExecutionContext.lambda$runTestCase$5(CucumberExecutionContext.java:129)
	at io.cucumber.core.runtime.RethrowingThrowableCollector.executeAndThrow(RethrowingThrowableCollector.java:23)
	at io.cucumber.core.runtime.CucumberExecutionContext.runTestCase(CucumberExecutionContext.java:129)
	at io.cucumber.junit.PickleRunners$NoStepDescriptions.run(PickleRunners.java:148)
	at io.cucumber.junit.FeatureRunner.runChild(FeatureRunner.java:144)
	at io.cucumber.junit.FeatureRunner.runChild(FeatureRunner.java:28)
	at org.junit.runners.ParentRunner$4.run(ParentRunner.java:331)
	at org.junit.runners.ParentRunner$1.schedule(ParentRunner.java:79)
	at org.junit.runners.ParentRunner.runChildren(ParentRunner.java:329)
	at org.junit.runners.ParentRunner.access$100(ParentRunner.java:66)
	at org.junit.runners.ParentRunner$2.evaluate(ParentRunner.java:293)
	at org.junit.runners.ParentRunner$3.evaluate(ParentRunner.java:306)
	at org.junit.runners.ParentRunner.run(ParentRunner.java:413)
	at io.cucumber.junit.FeatureRunner.run(FeatureRunner.java:137)
	at io.cucumber.junit.Cucumber.runChild(Cucumber.java:196)
	at io.cucumber.junit.Cucumber.runChild(Cucumber.java:89)
	at org.junit.runners.ParentRunner$4.run(ParentRunner.java:331)
	at org.junit.runners.ParentRunner$1.schedule(ParentRunner.java:79)
	at org.junit.runners.ParentRunner.runChildren(ParentRunner.java:329)
	at org.junit.runners.ParentRunner.access$100(ParentRunner.java:66)
	at org.junit.runners.ParentRunner$2.evaluate(ParentRunner.java:293)
	at io.cucumber.junit.Cucumber$RunBeforeAllHooks.evaluate(Cucumber.java:266)
	at io.cucumber.junit.Cucumber$RunAfterAllHooks.evaluate(Cucumber.java:281)
	at io.cucumber.junit.Cucumber$StartTestRun.evaluate(Cucumber.java:233)
	at io.cucumber.junit.Cucumber$FinishTestRun.evaluate(Cucumber.java:248)
	at org.junit.runners.ParentRunner$3.evaluate(ParentRunner.java:306)
	at org.junit.runners.ParentRunner.run(ParentRunner.java:413)
	at org.apache.maven.surefire.junit4.JUnit4Provider.execute(JUnit4Provider.java:377)
	at org.apache.maven.surefire.junit4.JUnit4Provider.executeWithRerun(JUnit4Provider.java:284)
	at org.apache.maven.surefire.junit4.JUnit4Provider.executeTestSet(JUnit4Provider.java:248)
	at org.apache.maven.surefire.junit4.JUnit4Provider.invoke(JUnit4Provider.java:167)
	at org.apache.maven.surefire.booter.ForkedBooter.runSuitesInProcess(ForkedBooter.java:456)
	at org.apache.maven.surefire.booter.ForkedBooter.execute(ForkedBooter.java:169)
	at org.apache.maven.surefire.booter.ForkedBooter.run(ForkedBooter.java:595)
	at org.apache.maven.surefire.booter.ForkedBooter.main(ForkedBooter.java:581)


    Embedding Verify user can sign in into Retail Application scenario Failed [image/png 89564 bytes]

]]></system-out>
    <system-err><![CDATA[Starting ChromeDriver 111.0.5563.64 (c710e93d5b63b7095afe8c2c17df34408078439d-refs/branch-heads/5563@{#995}) on port 64728
Only local connections are allowed.
Please see https://chromedriver.chromium.org/security-considerations for suggestions on keeping ChromeDriver safe.
ChromeDriver was started successfully.
Apr 17, 2023 10:19:59 PM org.openqa.selenium.remote.ProtocolHandshake createSession
INFO: Detected upstream dialect: W3C
Apr 17, 2023 10:19:59 PM org.openqa.selenium.devtools.CdpVersionFinder findNearestMatch
WARNING: Unable to find an exact match for CDP version 111, so returning the closest version found: a no-op implementation
Apr 17, 2023 10:19:59 PM org.openqa.selenium.devtools.CdpVersionFinder findNearestMatch
INFO: Unable to find CDP implementation matching 111.
Apr 17, 2023 10:19:59 PM org.openqa.selenium.chromium.ChromiumDriver lambda$new$3
WARNING: Unable to find version of CDP to use for . You may need to include a dependency on a specific version of the CDP using something similar to `org.seleniumhq.selenium:selenium-devtools-v86:4.4.0` where the version ("v86") matches the version of the chromium-based browser you're using and the version number of the artifact is the same as Selenium's.
]]></system-err>
  </testcase>
  <testcase name="Verify user can create an account into Retail Website" classname="TEK Retail Application SignIn feature" time="3.371">
    <failure type="java.lang.AssertionError"><![CDATA[java.lang.AssertionError
	at org.junit.Assert.fail(Assert.java:87)
	at org.junit.Assert.assertTrue(Assert.java:42)
	at org.junit.Assert.assertTrue(Assert.java:53)
	at tek.capstone.framework.steps.CreateAccountSteps.userShouldBeLoggedIntoAccountPage(CreateAccountSteps.java:44)
	at ✽.User should be logged into account page(classpath:features/SignIn.feature:21)
]]></failure>
    <system-out><![CDATA[
@signInComplete @smoke @createAccount
Scenario: Verify user can create an account into Retail Website # features/SignIn.feature:15
 INFO [main] (SignInSteps.java:23)- user is on retail website
  Given User is on retail website                               # tek.capstone.framework.steps.SignInSteps.userIsOnRetailWebsite()
 INFO [main] (SignInSteps.java:30)- User clicked on the sign in option
  When User click on Sign in option                             # tek.capstone.framework.steps.SignInSteps.userClickOnSignInOption()
 INFO [main] (CreateAccountSteps.java:21)- user clicked on the create new account button
  And User click on Create New Account button                   # tek.capstone.framework.steps.CreateAccountSteps.userClickOnCreateNewAccountButton()
 INFO [main] (CreateAccountSteps.java:32)- user entered sign up information
  And User fill the signUp information with below data          # tek.capstone.framework.steps.CreateAccountSteps.userFillTheSignUpInformationWithBelowData(io.cucumber.datatable.DataTable)
    | name      | email                  | password   | confirmPassword |
    | LiverKing | kingliver@tekschool.us | Tek@098765 | Tek@098765      |
 INFO [main] (CreateAccountSteps.java:39)- user clicked on the sign up button
  And User click on SignUp button                               # tek.capstone.framework.steps.CreateAccountSteps.userClickOnSignUpButton()
  Then User should be logged into account page                  # tek.capstone.framework.steps.CreateAccountSteps.userShouldBeLoggedIntoAccountPage()
      java.lang.AssertionError
	at org.junit.Assert.fail(Assert.java:87)
	at org.junit.Assert.assertTrue(Assert.java:42)
	at org.junit.Assert.assertTrue(Assert.java:53)
	at tek.capstone.framework.steps.CreateAccountSteps.userShouldBeLoggedIntoAccountPage(CreateAccountSteps.java:44)
	at âœ½.User should be logged into account page(classpath:features/SignIn.feature:21)


    Embedding Verify user can create an account into Retail Website scenario Failed [image/png 265793 bytes]

]]></system-out>
    <system-err><![CDATA[Starting ChromeDriver 111.0.5563.64 (c710e93d5b63b7095afe8c2c17df34408078439d-refs/branch-heads/5563@{#995}) on port 59988
Only local connections are allowed.
Please see https://chromedriver.chromium.org/security-considerations for suggestions on keeping ChromeDriver safe.
ChromeDriver was started successfully.
Apr 17, 2023 10:20:41 PM org.openqa.selenium.remote.ProtocolHandshake createSession
INFO: Detected upstream dialect: W3C
Apr 17, 2023 10:20:41 PM org.openqa.selenium.devtools.CdpVersionFinder findNearestMatch
WARNING: Unable to find an exact match for CDP version 111, so returning the closest version found: a no-op implementation
Apr 17, 2023 10:20:41 PM org.openqa.selenium.devtools.CdpVersionFinder findNearestMatch
INFO: Unable to find CDP implementation matching 111.
Apr 17, 2023 10:20:41 PM org.openqa.selenium.chromium.ChromiumDriver lambda$new$3
WARNING: Unable to find version of CDP to use for . You may need to include a dependency on a specific version of the CDP using something similar to `org.seleniumhq.selenium:selenium-devtools-v86:4.4.0` where the version ("v86") matches the version of the chromium-based browser you're using and the version number of the artifact is the same as Selenium's.
]]></system-err>
  </testcase>
</testsuite>